<?xml version="1.0" encoding="UTF-8"?>
<testng-results ignored="0" total="1" passed="0" failed="1" skipped="0">
  <reporter-output>
  </reporter-output>
  <suite started-at="2024-05-28T22:47:40 EDT" name="Default suite" finished-at="2024-05-29T01:17:08 EDT" duration-ms="8967854">
    <groups>
      <group name="cucumber">
        <method signature="AbstractTestNGCucumberTests.runScenario(io.cucumber.testng.PickleWrapper,io.cucumber.testng.FeatureWrapper)[pri:0, instance:runnerFile.Runner@2145b572]" name="runScenario" class="io.cucumber.testng.AbstractTestNGCucumberTests"/>
      </group> <!-- cucumber -->
    </groups>
    <test started-at="2024-05-28T22:47:40 EDT" name="Default test" finished-at="2024-05-29T01:17:08 EDT" duration-ms="8967854">
      <class name="runnerFile.Runner">
        <test-method is-config="true" signature="setUpClass(org.testng.ITestContext)[pri:0, instance:runnerFile.Runner@2145b572]" started-at="2024-05-28T22:47:40 EDT" name="setUpClass" finished-at="2024-05-28T22:47:41 EDT" duration-ms="766" status="PASS">
          <params>
            <param index="0">
              <value>
                <![CDATA[org.testng.TestRunner@3ad85136]]>
              </value>
            </param>
          </params>
          <reporter-output>
          </reporter-output>
        </test-method> <!-- setUpClass -->
        <test-method signature="runScenario(io.cucumber.testng.PickleWrapper,io.cucumber.testng.FeatureWrapper)[pri:0, instance:runnerFile.Runner@2145b572]" started-at="2024-05-28T22:47:41 EDT" name="runScenario" description="Runs Cucumber Scenarios" data-provider="scenarios" finished-at="2024-05-29T01:17:08 EDT" duration-ms="8966864" status="FAIL">
          <params>
            <param index="0">
              <value>
                <![CDATA["Successful Costco Dashboard Functionality"]]>
              </value>
            </param>
            <param index="1">
              <value>
                <![CDATA["Optional[Costco Dashboard Funct.]"]]>
              </value>
            </param>
          </params>
          <exception class="java.lang.AssertionError">
            <message>
              <![CDATA[User is not on the expected costco page URL. expected [https://www.costco.com/CatalogSearch?dept=All&keyword=toy     island] but found [https://www.costco.com/CatalogSearch?dept=All&keyword=toy+++++island]]]>
            </message>
            <full-stacktrace>
              <![CDATA[java.lang.AssertionError: User is not on the expected costco page URL. expected [https://www.costco.com/CatalogSearch?dept=All&keyword=toy     island] but found [https://www.costco.com/CatalogSearch?dept=All&keyword=toy+++++island]
at org.testng.Assert.fail(Assert.java:99)
at org.testng.Assert.failNotEquals(Assert.java:1037)
at org.testng.Assert.assertEqualsImpl(Assert.java:140)
at org.testng.Assert.assertEquals(Assert.java:122)
at org.testng.Assert.assertEquals(Assert.java:629)
at stepDefinitions.CostcoDashSteps.user_is_able_to_see_the_contents_of_that_search(CostcoDashSteps.java:43)
at âœ½.User is able to see the contents of that search(file:///Users/swarnadeepsaha/eclipse-workspace/CostcoDash/src/test/resources/Feature/CostcoDash.feature:6)
]]>
            </full-stacktrace>
          </exception> <!-- java.lang.AssertionError -->
          <reporter-output>
          </reporter-output>
        </test-method> <!-- runScenario -->
        <test-method is-config="true" signature="tearDownClass()[pri:0, instance:runnerFile.Runner@2145b572]" started-at="2024-05-29T01:17:08 EDT" name="tearDownClass" finished-at="2024-05-29T01:17:08 EDT" duration-ms="175" status="PASS">
          <reporter-output>
          </reporter-output>
        </test-method> <!-- tearDownClass -->
      </class> <!-- runnerFile.Runner -->
    </test> <!-- Default test -->
  </suite> <!-- Default suite -->
</testng-results>
