<?xml version="1.0" encoding="UTF-8"?>
<!-- Generated by org.testng.reporters.JUnitReportReporter -->
<testsuite hostname="Swarnadeeps-MacBook-Pro.local" failures="1" tests="1" name="runnerFile.Runner" time="8966.864" errors="0" timestamp="2024-05-29T01:17:08 EDT" skipped="0">
  <testcase classname="runnerFile.Runner" name="runScenario" time="8966.864">
    <failure message="User is not on the expected costco page URL. expected [https://www.costco.com/CatalogSearch?dept=All&amp;keyword=toy     island] but found [https://www.costco.com/CatalogSearch?dept=All&amp;keyword=toy+++++island]" type="java.lang.AssertionError">
      <![CDATA[java.lang.AssertionError: User is not on the expected costco page URL. expected [https://www.costco.com/CatalogSearch?dept=All&keyword=toy     island] but found [https://www.costco.com/CatalogSearch?dept=All&keyword=toy+++++island]
at org.testng.Assert.fail(Assert.java:99)
at org.testng.Assert.failNotEquals(Assert.java:1037)
at org.testng.Assert.assertEqualsImpl(Assert.java:140)
at org.testng.Assert.assertEquals(Assert.java:122)
at org.testng.Assert.assertEquals(Assert.java:629)
at stepDefinitions.CostcoDashSteps.user_is_able_to_see_the_contents_of_that_search(CostcoDashSteps.java:43)
at âœ½.User is able to see the contents of that search(file:///Users/swarnadeepsaha/eclipse-workspace/CostcoDash/src/test/resources/Feature/CostcoDash.feature:6)
]]>
    </failure>
  </testcase> <!-- runScenario -->
  <system-out/>
</testsuite> <!-- runnerFile.Runner -->
